<?xml version="1.0" encoding="UTF-8"?>
<!-- Generated by org.testng.reporters.JUnitReportReporter -->
<testsuite hostname="DESKTOP-6EJ94SQ" failures="0" tests="1" name="com.shopperstack.TestScripts.Verify_User_Can_Delete_Address_Test" time="24.205" errors="0" timestamp="2024-04-19T11:31:12 IST" skipped="0">
  <testcase classname="com.shopperstack.TestScripts.Verify_User_Can_Delete_Address_Test" name="deleteAddress" time="24.205"/>
</testsuite> <!-- com.shopperstack.TestScripts.Verify_User_Can_Delete_Address_Test -->
