<?xml version="1.0" encoding="UTF-8"?>
<!-- Generated by org.testng.reporters.JUnitReportReporter -->
<testsuite hostname="DESKTOP-6EJ94SQ" failures="0" tests="1" name="com.shopperstack.TestScripts.Verify_User_Can_Add_Address" time="20.608" errors="0" timestamp="2024-04-06T14:20:20 IST" skipped="0">
  <testcase classname="com.shopperstack.TestScripts.Verify_User_Can_Add_Address" name="addAddress" time="20.608"/>
</testsuite> <!-- com.shopperstack.TestScripts.Verify_User_Can_Add_Address -->
